<?xml version="1.0" encoding="UTF-8"?>
<testsuite xmlns:xsi="http://www.w3.org/2001/XMLSchema-instance" xsi:noNamespaceSchemaLocation="https://maven.apache.org/surefire/maven-surefire-plugin/xsd/surefire-test-report-3.0.xsd" version="3.0" name="TestSuite" time="52.705" tests="6" errors="0" skipped="0" failures="0">
  <properties>
    <property name="java.specification.version" value="21"/>
    <property name="sun.cpu.isalist" value="amd64"/>
    <property name="sun.jnu.encoding" value="Cp1254"/>
    <property name="java.class.path" value="C:\Users\fuatokan.akyol\Desktop\Project\WikipediaCucumberProject\target\test-classes;C:\Users\fuatokan.akyol\Desktop\Project\WikipediaCucumberProject\target\classes;C:\Users\fuatokan.akyol\.m2\repository\org\seleniumhq\selenium\selenium-java\4.11.0\selenium-java-4.11.0.jar;C:\Users\fuatokan.akyol\.m2\repository\org\seleniumhq\selenium\selenium-api\4.11.0\selenium-api-4.11.0.jar;C:\Users\fuatokan.akyol\.m2\repository\org\seleniumhq\selenium\selenium-devtools-v113\4.11.0\selenium-devtools-v113-4.11.0.jar;C:\Users\fuatokan.akyol\.m2\repository\org\seleniumhq\selenium\selenium-devtools-v114\4.11.0\selenium-devtools-v114-4.11.0.jar;C:\Users\fuatokan.akyol\.m2\repository\org\seleniumhq\selenium\selenium-devtools-v115\4.11.0\selenium-devtools-v115-4.11.0.jar;C:\Users\fuatokan.akyol\.m2\repository\org\seleniumhq\selenium\selenium-devtools-v85\4.11.0\selenium-devtools-v85-4.11.0.jar;C:\Users\fuatokan.akyol\.m2\repository\org\seleniumhq\selenium\selenium-edge-driver\4.11.0\selenium-edge-driver-4.11.0.jar;C:\Users\fuatokan.akyol\.m2\repository\org\seleniumhq\selenium\selenium-firefox-driver\4.11.0\selenium-firefox-driver-4.11.0.jar;C:\Users\fuatokan.akyol\.m2\repository\org\seleniumhq\selenium\selenium-http\4.11.0\selenium-http-4.11.0.jar;C:\Users\fuatokan.akyol\.m2\repository\dev\failsafe\failsafe\3.3.1\failsafe-3.3.1.jar;C:\Users\fuatokan.akyol\.m2\repository\org\seleniumhq\selenium\selenium-ie-driver\4.11.0\selenium-ie-driver-4.11.0.jar;C:\Users\fuatokan.akyol\.m2\repository\org\seleniumhq\selenium\selenium-remote-driver\4.11.0\selenium-remote-driver-4.11.0.jar;C:\Users\fuatokan.akyol\.m2\repository\io\netty\netty-buffer\4.1.92.Final\netty-buffer-4.1.92.Final.jar;C:\Users\fuatokan.akyol\.m2\repository\io\netty\netty-codec-http\4.1.92.Final\netty-codec-http-4.1.92.Final.jar;C:\Users\fuatokan.akyol\.m2\repository\io\netty\netty-codec\4.1.92.Final\netty-codec-4.1.92.Final.jar;C:\Users\fuatokan.akyol\.m2\repository\io\netty\netty-handler\4.1.92.Final\netty-handler-4.1.92.Final.jar;C:\Users\fuatokan.akyol\.m2\repository\io\netty\netty-common\4.1.92.Final\netty-common-4.1.92.Final.jar;C:\Users\fuatokan.akyol\.m2\repository\io\netty\netty-transport-classes-epoll\4.1.92.Final\netty-transport-classes-epoll-4.1.92.Final.jar;C:\Users\fuatokan.akyol\.m2\repository\io\netty\netty-transport-classes-kqueue\4.1.92.Final\netty-transport-classes-kqueue-4.1.92.Final.jar;C:\Users\fuatokan.akyol\.m2\repository\io\netty\netty-transport-native-epoll\4.1.92.Final\netty-transport-native-epoll-4.1.92.Final.jar;C:\Users\fuatokan.akyol\.m2\repository\io\netty\netty-transport-native-kqueue\4.1.92.Final\netty-transport-native-kqueue-4.1.92.Final.jar;C:\Users\fuatokan.akyol\.m2\repository\io\netty\netty-transport-native-unix-common\4.1.92.Final\netty-transport-native-unix-common-4.1.92.Final.jar;C:\Users\fuatokan.akyol\.m2\repository\io\netty\netty-transport\4.1.92.Final\netty-transport-4.1.92.Final.jar;C:\Users\fuatokan.akyol\.m2\repository\io\netty\netty-resolver\4.1.92.Final\netty-resolver-4.1.92.Final.jar;C:\Users\fuatokan.akyol\.m2\repository\io\opentelemetry\opentelemetry-api\1.26.0\opentelemetry-api-1.26.0.jar;C:\Users\fuatokan.akyol\.m2\repository\io\opentelemetry\opentelemetry-context\1.26.0\opentelemetry-context-1.26.0.jar;C:\Users\fuatokan.akyol\.m2\repository\io\opentelemetry\opentelemetry-exporter-logging\1.26.0\opentelemetry-exporter-logging-1.26.0.jar;C:\Users\fuatokan.akyol\.m2\repository\io\opentelemetry\opentelemetry-sdk-metrics\1.26.0\opentelemetry-sdk-metrics-1.26.0.jar;C:\Users\fuatokan.akyol\.m2\repository\io\opentelemetry\opentelemetry-extension-incubator\1.26.0-alpha\opentelemetry-extension-incubator-1.26.0-alpha.jar;C:\Users\fuatokan.akyol\.m2\repository\io\opentelemetry\opentelemetry-sdk-logs\1.26.0-alpha\opentelemetry-sdk-logs-1.26.0-alpha.jar;C:\Users\fuatokan.akyol\.m2\repository\io\opentelemetry\opentelemetry-api-logs\1.26.0-alpha\opentelemetry-api-logs-1.26.0-alpha.jar;C:\Users\fuatokan.akyol\.m2\repository\io\opentelemetry\opentelemetry-api-events\1.26.0-alpha\opentelemetry-api-events-1.26.0-alpha.jar;C:\Users\fuatokan.akyol\.m2\repository\io\opentelemetry\opentelemetry-sdk-common\1.26.0\opentelemetry-sdk-common-1.26.0.jar;C:\Users\fuatokan.akyol\.m2\repository\io\opentelemetry\opentelemetry-sdk-extension-autoconfigure-spi\1.26.0\opentelemetry-sdk-extension-autoconfigure-spi-1.26.0.jar;C:\Users\fuatokan.akyol\.m2\repository\io\opentelemetry\opentelemetry-sdk-extension-autoconfigure\1.26.0-alpha\opentelemetry-sdk-extension-autoconfigure-1.26.0-alpha.jar;C:\Users\fuatokan.akyol\.m2\repository\io\opentelemetry\opentelemetry-sdk-trace\1.26.0\opentelemetry-sdk-trace-1.26.0.jar;C:\Users\fuatokan.akyol\.m2\repository\io\opentelemetry\opentelemetry-sdk\1.26.0\opentelemetry-sdk-1.26.0.jar;C:\Users\fuatokan.akyol\.m2\repository\io\opentelemetry\opentelemetry-semconv\1.26.0-alpha\opentelemetry-semconv-1.26.0-alpha.jar;C:\Users\fuatokan.akyol\.m2\repository\net\bytebuddy\byte-buddy\1.14.4\byte-buddy-1.14.4.jar;C:\Users\fuatokan.akyol\.m2\repository\org\apache\commons\commons-exec\1.3\commons-exec-1.3.jar;C:\Users\fuatokan.akyol\.m2\repository\org\asynchttpclient\async-http-client\2.12.3\async-http-client-2.12.3.jar;C:\Users\fuatokan.akyol\.m2\repository\org\asynchttpclient\async-http-client-netty-utils\2.12.3\async-http-client-netty-utils-2.12.3.jar;C:\Users\fuatokan.akyol\.m2\repository\io\netty\netty-codec-socks\4.1.60.Final\netty-codec-socks-4.1.60.Final.jar;C:\Users\fuatokan.akyol\.m2\repository\io\netty\netty-handler-proxy\4.1.60.Final\netty-handler-proxy-4.1.60.Final.jar;C:\Users\fuatokan.akyol\.m2\repository\io\netty\netty-transport-native-epoll\4.1.60.Final\netty-transport-native-epoll-4.1.60.Final-linux-x86_64.jar;C:\Users\fuatokan.akyol\.m2\repository\io\netty\netty-transport-native-kqueue\4.1.60.Final\netty-transport-native-kqueue-4.1.60.Final-osx-x86_64.jar;C:\Users\fuatokan.akyol\.m2\repository\org\reactivestreams\reactive-streams\1.0.3\reactive-streams-1.0.3.jar;C:\Users\fuatokan.akyol\.m2\repository\com\typesafe\netty\netty-reactive-streams\2.0.4\netty-reactive-streams-2.0.4.jar;C:\Users\fuatokan.akyol\.m2\repository\com\sun\activation\jakarta.activation\1.2.2\jakarta.activation-1.2.2.jar;C:\Users\fuatokan.akyol\.m2\repository\org\seleniumhq\selenium\selenium-safari-driver\4.11.0\selenium-safari-driver-4.11.0.jar;C:\Users\fuatokan.akyol\.m2\repository\org\seleniumhq\selenium\selenium-support\4.11.0\selenium-support-4.11.0.jar;C:\Users\fuatokan.akyol\.m2\repository\org\seleniumhq\selenium\selenium-chrome-driver\4.11.0\selenium-chrome-driver-4.11.0.jar;C:\Users\fuatokan.akyol\.m2\repository\com\google\auto\service\auto-service-annotations\1.0.1\auto-service-annotations-1.0.1.jar;C:\Users\fuatokan.akyol\.m2\repository\com\google\guava\guava\31.1-jre\guava-31.1-jre.jar;C:\Users\fuatokan.akyol\.m2\repository\com\google\guava\failureaccess\1.0.1\failureaccess-1.0.1.jar;C:\Users\fuatokan.akyol\.m2\repository\com\google\guava\listenablefuture\9999.0-empty-to-avoid-conflict-with-guava\listenablefuture-9999.0-empty-to-avoid-conflict-with-guava.jar;C:\Users\fuatokan.akyol\.m2\repository\org\checkerframework\checker-qual\3.12.0\checker-qual-3.12.0.jar;C:\Users\fuatokan.akyol\.m2\repository\com\google\errorprone\error_prone_annotations\2.11.0\error_prone_annotations-2.11.0.jar;C:\Users\fuatokan.akyol\.m2\repository\com\google\j2objc\j2objc-annotations\1.3\j2objc-annotations-1.3.jar;C:\Users\fuatokan.akyol\.m2\repository\org\seleniumhq\selenium\selenium-chromium-driver\4.11.0\selenium-chromium-driver-4.11.0.jar;C:\Users\fuatokan.akyol\.m2\repository\org\seleniumhq\selenium\selenium-json\4.11.0\selenium-json-4.11.0.jar;C:\Users\fuatokan.akyol\.m2\repository\org\seleniumhq\selenium\selenium-manager\4.11.0\selenium-manager-4.11.0.jar;C:\Users\fuatokan.akyol\.m2\repository\org\testng\testng\7.5\testng-7.5.jar;C:\Users\fuatokan.akyol\.m2\repository\com\google\code\findbugs\jsr305\3.0.1\jsr305-3.0.1.jar;C:\Users\fuatokan.akyol\.m2\repository\org\slf4j\slf4j-api\1.7.32\slf4j-api-1.7.32.jar;C:\Users\fuatokan.akyol\.m2\repository\com\beust\jcommander\1.78\jcommander-1.78.jar;C:\Users\fuatokan.akyol\.m2\repository\org\webjars\jquery\3.5.1\jquery-3.5.1.jar;C:\Users\fuatokan.akyol\.m2\repository\io\cucumber\cucumber-java\7.8.0\cucumber-java-7.8.0.jar;C:\Users\fuatokan.akyol\.m2\repository\io\cucumber\cucumber-core\7.8.0\cucumber-core-7.8.0.jar;C:\Users\fuatokan.akyol\.m2\repository\io\cucumber\cucumber-gherkin\7.8.0\cucumber-gherkin-7.8.0.jar;C:\Users\fuatokan.akyol\.m2\repository\io\cucumber\cucumber-gherkin-messages\7.8.0\cucumber-gherkin-messages-7.8.0.jar;C:\Users\fuatokan.akyol\.m2\repository\io\cucumber\gherkin\24.0.0\gherkin-24.0.0.jar;C:\Users\fuatokan.akyol\.m2\repository\io\cucumber\messages\19.1.2\messages-19.1.2.jar;C:\Users\fuatokan.akyol\.m2\repository\io\cucumber\tag-expressions\4.1.0\tag-expressions-4.1.0.jar;C:\Users\fuatokan.akyol\.m2\repository\io\cucumber\cucumber-expressions\16.0.0\cucumber-expressions-16.0.0.jar;C:\Users\fuatokan.akyol\.m2\repository\io\cucumber\datatable\7.8.0\datatable-7.8.0.jar;C:\Users\fuatokan.akyol\.m2\repository\io\cucumber\cucumber-plugin\7.8.0\cucumber-plugin-7.8.0.jar;C:\Users\fuatokan.akyol\.m2\repository\io\cucumber\docstring\7.8.0\docstring-7.8.0.jar;C:\Users\fuatokan.akyol\.m2\repository\io\cucumber\html-formatter\20.1.0\html-formatter-20.1.0.jar;C:\Users\fuatokan.akyol\.m2\repository\io\cucumber\ci-environment\9.1.0\ci-environment-9.1.0.jar;C:\Users\fuatokan.akyol\.m2\repository\org\apiguardian\apiguardian-api\1.1.2\apiguardian-api-1.1.2.jar;C:\Users\fuatokan.akyol\.m2\repository\io\cucumber\cucumber-testng\7.8.0\cucumber-testng-7.8.0.jar;"/>
    <property name="java.vm.vendor" value="Oracle Corporation"/>
    <property name="sun.arch.data.model" value="64"/>
    <property name="user.variant" value=""/>
    <property name="java.vendor.url" value="https://java.oracle.com/"/>
    <property name="user.timezone" value="Europe/Istanbul"/>
    <property name="os.name" value="Windows 10"/>
    <property name="java.vm.specification.version" value="21"/>
    <property name="sun.java.launcher" value="SUN_STANDARD"/>
    <property name="user.country" value="TR"/>
    <property name="sun.boot.library.path" value="C:\Program Files\Java\jdk-21\bin"/>
    <property name="sun.java.command" value="C:\Users\fuatokan.akyol\AppData\Local\Temp\surefire7954624808038163864\surefirebooter-20240423142012808_3.jar C:\Users\fuatokan.akyol\AppData\Local\Temp\surefire7954624808038163864 2024-04-23T14-20-12_673-jvmRun1 surefire-20240423142012808_1tmp surefire_0-20240423142012808_2tmp"/>
    <property name="jdk.debug" value="release"/>
    <property name="surefire.test.class.path" value="C:\Users\fuatokan.akyol\Desktop\Project\WikipediaCucumberProject\target\test-classes;C:\Users\fuatokan.akyol\Desktop\Project\WikipediaCucumberProject\target\classes;C:\Users\fuatokan.akyol\.m2\repository\org\seleniumhq\selenium\selenium-java\4.11.0\selenium-java-4.11.0.jar;C:\Users\fuatokan.akyol\.m2\repository\org\seleniumhq\selenium\selenium-api\4.11.0\selenium-api-4.11.0.jar;C:\Users\fuatokan.akyol\.m2\repository\org\seleniumhq\selenium\selenium-devtools-v113\4.11.0\selenium-devtools-v113-4.11.0.jar;C:\Users\fuatokan.akyol\.m2\repository\org\seleniumhq\selenium\selenium-devtools-v114\4.11.0\selenium-devtools-v114-4.11.0.jar;C:\Users\fuatokan.akyol\.m2\repository\org\seleniumhq\selenium\selenium-devtools-v115\4.11.0\selenium-devtools-v115-4.11.0.jar;C:\Users\fuatokan.akyol\.m2\repository\org\seleniumhq\selenium\selenium-devtools-v85\4.11.0\selenium-devtools-v85-4.11.0.jar;C:\Users\fuatokan.akyol\.m2\repository\org\seleniumhq\selenium\selenium-edge-driver\4.11.0\selenium-edge-driver-4.11.0.jar;C:\Users\fuatokan.akyol\.m2\repository\org\seleniumhq\selenium\selenium-firefox-driver\4.11.0\selenium-firefox-driver-4.11.0.jar;C:\Users\fuatokan.akyol\.m2\repository\org\seleniumhq\selenium\selenium-http\4.11.0\selenium-http-4.11.0.jar;C:\Users\fuatokan.akyol\.m2\repository\dev\failsafe\failsafe\3.3.1\failsafe-3.3.1.jar;C:\Users\fuatokan.akyol\.m2\repository\org\seleniumhq\selenium\selenium-ie-driver\4.11.0\selenium-ie-driver-4.11.0.jar;C:\Users\fuatokan.akyol\.m2\repository\org\seleniumhq\selenium\selenium-remote-driver\4.11.0\selenium-remote-driver-4.11.0.jar;C:\Users\fuatokan.akyol\.m2\repository\io\netty\netty-buffer\4.1.92.Final\netty-buffer-4.1.92.Final.jar;C:\Users\fuatokan.akyol\.m2\repository\io\netty\netty-codec-http\4.1.92.Final\netty-codec-http-4.1.92.Final.jar;C:\Users\fuatokan.akyol\.m2\repository\io\netty\netty-codec\4.1.92.Final\netty-codec-4.1.92.Final.jar;C:\Users\fuatokan.akyol\.m2\repository\io\netty\netty-handler\4.1.92.Final\netty-handler-4.1.92.Final.jar;C:\Users\fuatokan.akyol\.m2\repository\io\netty\netty-common\4.1.92.Final\netty-common-4.1.92.Final.jar;C:\Users\fuatokan.akyol\.m2\repository\io\netty\netty-transport-classes-epoll\4.1.92.Final\netty-transport-classes-epoll-4.1.92.Final.jar;C:\Users\fuatokan.akyol\.m2\repository\io\netty\netty-transport-classes-kqueue\4.1.92.Final\netty-transport-classes-kqueue-4.1.92.Final.jar;C:\Users\fuatokan.akyol\.m2\repository\io\netty\netty-transport-native-epoll\4.1.92.Final\netty-transport-native-epoll-4.1.92.Final.jar;C:\Users\fuatokan.akyol\.m2\repository\io\netty\netty-transport-native-kqueue\4.1.92.Final\netty-transport-native-kqueue-4.1.92.Final.jar;C:\Users\fuatokan.akyol\.m2\repository\io\netty\netty-transport-native-unix-common\4.1.92.Final\netty-transport-native-unix-common-4.1.92.Final.jar;C:\Users\fuatokan.akyol\.m2\repository\io\netty\netty-transport\4.1.92.Final\netty-transport-4.1.92.Final.jar;C:\Users\fuatokan.akyol\.m2\repository\io\netty\netty-resolver\4.1.92.Final\netty-resolver-4.1.92.Final.jar;C:\Users\fuatokan.akyol\.m2\repository\io\opentelemetry\opentelemetry-api\1.26.0\opentelemetry-api-1.26.0.jar;C:\Users\fuatokan.akyol\.m2\repository\io\opentelemetry\opentelemetry-context\1.26.0\opentelemetry-context-1.26.0.jar;C:\Users\fuatokan.akyol\.m2\repository\io\opentelemetry\opentelemetry-exporter-logging\1.26.0\opentelemetry-exporter-logging-1.26.0.jar;C:\Users\fuatokan.akyol\.m2\repository\io\opentelemetry\opentelemetry-sdk-metrics\1.26.0\opentelemetry-sdk-metrics-1.26.0.jar;C:\Users\fuatokan.akyol\.m2\repository\io\opentelemetry\opentelemetry-extension-incubator\1.26.0-alpha\opentelemetry-extension-incubator-1.26.0-alpha.jar;C:\Users\fuatokan.akyol\.m2\repository\io\opentelemetry\opentelemetry-sdk-logs\1.26.0-alpha\opentelemetry-sdk-logs-1.26.0-alpha.jar;C:\Users\fuatokan.akyol\.m2\repository\io\opentelemetry\opentelemetry-api-logs\1.26.0-alpha\opentelemetry-api-logs-1.26.0-alpha.jar;C:\Users\fuatokan.akyol\.m2\repository\io\opentelemetry\opentelemetry-api-events\1.26.0-alpha\opentelemetry-api-events-1.26.0-alpha.jar;C:\Users\fuatokan.akyol\.m2\repository\io\opentelemetry\opentelemetry-sdk-common\1.26.0\opentelemetry-sdk-common-1.26.0.jar;C:\Users\fuatokan.akyol\.m2\repository\io\opentelemetry\opentelemetry-sdk-extension-autoconfigure-spi\1.26.0\opentelemetry-sdk-extension-autoconfigure-spi-1.26.0.jar;C:\Users\fuatokan.akyol\.m2\repository\io\opentelemetry\opentelemetry-sdk-extension-autoconfigure\1.26.0-alpha\opentelemetry-sdk-extension-autoconfigure-1.26.0-alpha.jar;C:\Users\fuatokan.akyol\.m2\repository\io\opentelemetry\opentelemetry-sdk-trace\1.26.0\opentelemetry-sdk-trace-1.26.0.jar;C:\Users\fuatokan.akyol\.m2\repository\io\opentelemetry\opentelemetry-sdk\1.26.0\opentelemetry-sdk-1.26.0.jar;C:\Users\fuatokan.akyol\.m2\repository\io\opentelemetry\opentelemetry-semconv\1.26.0-alpha\opentelemetry-semconv-1.26.0-alpha.jar;C:\Users\fuatokan.akyol\.m2\repository\net\bytebuddy\byte-buddy\1.14.4\byte-buddy-1.14.4.jar;C:\Users\fuatokan.akyol\.m2\repository\org\apache\commons\commons-exec\1.3\commons-exec-1.3.jar;C:\Users\fuatokan.akyol\.m2\repository\org\asynchttpclient\async-http-client\2.12.3\async-http-client-2.12.3.jar;C:\Users\fuatokan.akyol\.m2\repository\org\asynchttpclient\async-http-client-netty-utils\2.12.3\async-http-client-netty-utils-2.12.3.jar;C:\Users\fuatokan.akyol\.m2\repository\io\netty\netty-codec-socks\4.1.60.Final\netty-codec-socks-4.1.60.Final.jar;C:\Users\fuatokan.akyol\.m2\repository\io\netty\netty-handler-proxy\4.1.60.Final\netty-handler-proxy-4.1.60.Final.jar;C:\Users\fuatokan.akyol\.m2\repository\io\netty\netty-transport-native-epoll\4.1.60.Final\netty-transport-native-epoll-4.1.60.Final-linux-x86_64.jar;C:\Users\fuatokan.akyol\.m2\repository\io\netty\netty-transport-native-kqueue\4.1.60.Final\netty-transport-native-kqueue-4.1.60.Final-osx-x86_64.jar;C:\Users\fuatokan.akyol\.m2\repository\org\reactivestreams\reactive-streams\1.0.3\reactive-streams-1.0.3.jar;C:\Users\fuatokan.akyol\.m2\repository\com\typesafe\netty\netty-reactive-streams\2.0.4\netty-reactive-streams-2.0.4.jar;C:\Users\fuatokan.akyol\.m2\repository\com\sun\activation\jakarta.activation\1.2.2\jakarta.activation-1.2.2.jar;C:\Users\fuatokan.akyol\.m2\repository\org\seleniumhq\selenium\selenium-safari-driver\4.11.0\selenium-safari-driver-4.11.0.jar;C:\Users\fuatokan.akyol\.m2\repository\org\seleniumhq\selenium\selenium-support\4.11.0\selenium-support-4.11.0.jar;C:\Users\fuatokan.akyol\.m2\repository\org\seleniumhq\selenium\selenium-chrome-driver\4.11.0\selenium-chrome-driver-4.11.0.jar;C:\Users\fuatokan.akyol\.m2\repository\com\google\auto\service\auto-service-annotations\1.0.1\auto-service-annotations-1.0.1.jar;C:\Users\fuatokan.akyol\.m2\repository\com\google\guava\guava\31.1-jre\guava-31.1-jre.jar;C:\Users\fuatokan.akyol\.m2\repository\com\google\guava\failureaccess\1.0.1\failureaccess-1.0.1.jar;C:\Users\fuatokan.akyol\.m2\repository\com\google\guava\listenablefuture\9999.0-empty-to-avoid-conflict-with-guava\listenablefuture-9999.0-empty-to-avoid-conflict-with-guava.jar;C:\Users\fuatokan.akyol\.m2\repository\org\checkerframework\checker-qual\3.12.0\checker-qual-3.12.0.jar;C:\Users\fuatokan.akyol\.m2\repository\com\google\errorprone\error_prone_annotations\2.11.0\error_prone_annotations-2.11.0.jar;C:\Users\fuatokan.akyol\.m2\repository\com\google\j2objc\j2objc-annotations\1.3\j2objc-annotations-1.3.jar;C:\Users\fuatokan.akyol\.m2\repository\org\seleniumhq\selenium\selenium-chromium-driver\4.11.0\selenium-chromium-driver-4.11.0.jar;C:\Users\fuatokan.akyol\.m2\repository\org\seleniumhq\selenium\selenium-json\4.11.0\selenium-json-4.11.0.jar;C:\Users\fuatokan.akyol\.m2\repository\org\seleniumhq\selenium\selenium-manager\4.11.0\selenium-manager-4.11.0.jar;C:\Users\fuatokan.akyol\.m2\repository\org\testng\testng\7.5\testng-7.5.jar;C:\Users\fuatokan.akyol\.m2\repository\com\google\code\findbugs\jsr305\3.0.1\jsr305-3.0.1.jar;C:\Users\fuatokan.akyol\.m2\repository\org\slf4j\slf4j-api\1.7.32\slf4j-api-1.7.32.jar;C:\Users\fuatokan.akyol\.m2\repository\com\beust\jcommander\1.78\jcommander-1.78.jar;C:\Users\fuatokan.akyol\.m2\repository\org\webjars\jquery\3.5.1\jquery-3.5.1.jar;C:\Users\fuatokan.akyol\.m2\repository\io\cucumber\cucumber-java\7.8.0\cucumber-java-7.8.0.jar;C:\Users\fuatokan.akyol\.m2\repository\io\cucumber\cucumber-core\7.8.0\cucumber-core-7.8.0.jar;C:\Users\fuatokan.akyol\.m2\repository\io\cucumber\cucumber-gherkin\7.8.0\cucumber-gherkin-7.8.0.jar;C:\Users\fuatokan.akyol\.m2\repository\io\cucumber\cucumber-gherkin-messages\7.8.0\cucumber-gherkin-messages-7.8.0.jar;C:\Users\fuatokan.akyol\.m2\repository\io\cucumber\gherkin\24.0.0\gherkin-24.0.0.jar;C:\Users\fuatokan.akyol\.m2\repository\io\cucumber\messages\19.1.2\messages-19.1.2.jar;C:\Users\fuatokan.akyol\.m2\repository\io\cucumber\tag-expressions\4.1.0\tag-expressions-4.1.0.jar;C:\Users\fuatokan.akyol\.m2\repository\io\cucumber\cucumber-expressions\16.0.0\cucumber-expressions-16.0.0.jar;C:\Users\fuatokan.akyol\.m2\repository\io\cucumber\datatable\7.8.0\datatable-7.8.0.jar;C:\Users\fuatokan.akyol\.m2\repository\io\cucumber\cucumber-plugin\7.8.0\cucumber-plugin-7.8.0.jar;C:\Users\fuatokan.akyol\.m2\repository\io\cucumber\docstring\7.8.0\docstring-7.8.0.jar;C:\Users\fuatokan.akyol\.m2\repository\io\cucumber\html-formatter\20.1.0\html-formatter-20.1.0.jar;C:\Users\fuatokan.akyol\.m2\repository\io\cucumber\ci-environment\9.1.0\ci-environment-9.1.0.jar;C:\Users\fuatokan.akyol\.m2\repository\org\apiguardian\apiguardian-api\1.1.2\apiguardian-api-1.1.2.jar;C:\Users\fuatokan.akyol\.m2\repository\io\cucumber\cucumber-testng\7.8.0\cucumber-testng-7.8.0.jar;"/>
    <property name="sun.cpu.endian" value="little"/>
    <property name="user.home" value="C:\Users\fuatokan.akyol"/>
    <property name="user.language" value="tr"/>
    <property name="java.specification.vendor" value="Oracle Corporation"/>
    <property name="java.version.date" value="2024-04-16"/>
    <property name="java.home" value="C:\Program Files\Java\jdk-21"/>
    <property name="file.separator" value="\"/>
    <property name="basedir" value="C:\Users\fuatokan.akyol\Desktop\Project\WikipediaCucumberProject"/>
    <property name="java.vm.compressedOopsMode" value="32-bit"/>
    <property name="line.separator" value="&#10;"/>
    <property name="java.vm.specification.vendor" value="Oracle Corporation"/>
    <property name="java.specification.name" value="Java Platform API Specification"/>
    <property name="surefire.real.class.path" value="C:\Users\fuatokan.akyol\AppData\Local\Temp\surefire7954624808038163864\surefirebooter-20240423142012808_3.jar"/>
    <property name="user.script" value=""/>
    <property name="sun.management.compiler" value="HotSpot 64-Bit Tiered Compilers"/>
    <property name="java.runtime.version" value="21.0.3+7-LTS-152"/>
    <property name="user.name" value="fuatokan.akyol"/>
    <property name="stdout.encoding" value="Cp1254"/>
    <property name="path.separator" value=";"/>
    <property name="os.version" value="10.0"/>
    <property name="java.runtime.name" value="Java(TM) SE Runtime Environment"/>
    <property name="file.encoding" value="UTF-8"/>
    <property name="java.vm.name" value="Java HotSpot(TM) 64-Bit Server VM"/>
    <property name="localRepository" value="C:\Users\fuatokan.akyol\.m2\repository"/>
    <property name="java.vendor.url.bug" value="https://bugreport.java.com/bugreport/"/>
    <property name="java.io.tmpdir" value="C:\Users\FUATOK~1.AKY\AppData\Local\Temp\"/>
    <property name="java.version" value="21.0.3"/>
    <property name="user.dir" value="C:\Users\fuatokan.akyol\Desktop\Project\WikipediaCucumberProject"/>
    <property name="os.arch" value="amd64"/>
    <property name="java.vm.specification.name" value="Java Virtual Machine Specification"/>
    <property name="sun.os.patch.level" value=""/>
    <property name="native.encoding" value="Cp1254"/>
    <property name="java.library.path" value="C:\Program Files\Java\jdk-21\bin;C:\Windows\Sun\Java\bin;C:\Windows\system32;C:\Windows;C:\Program Files\Common Files\Oracle\Java\javapath;C:\Program Files (x86)\VMware\VMware Player\bin\;C:\Windows\system32;C:\Windows;C:\Windows\System32\Wbem;C:\Windows\System32\WindowsPowerShell\v1.0\;C:\Windows\System32\OpenSSH\;C:\Program Files\Git\cmd;C:\Program Files\Microsoft SQL Server\150\Tools\Binn\;C:\Program Files\Microsoft SQL Server\Client SDK\ODBC\170\Tools\Binn\;C:\Program Files (x86)\Microsoft SQL Server\160\Tools\Binn\;C:\Program Files\Microsoft SQL Server\160\Tools\Binn\;C:\Program Files\Microsoft SQL Server\160\DTS\Binn\;C:\Program Files (x86)\Microsoft SQL Server\160\DTS\Binn\;C:\Program Files\Azure Data Studio\bin;C:\Program Files\Gauge\bin;C:\Program Files\nodejs\;C:\Users\fuatokan.akyol\AppData\Local\Android\Sdk\platform-tools;C:\Users\fuatokan.akyol\AppData\Roaming\npm;C:\Program Files\dotnet\;C:\Program Files\Java\jdk-21\bin;C:\Program Files\apache-maven-3.9.6\bin;C:\Users\fuatokan.akyol\AppData\Local\Microsoft\WindowsApps;C:\Users\fuatokan.akyol\AppData\Local\Programs\Microsoft VS Code\bin;C:\Program Files\Azure Data Studio\bin;C:\Users\fuatokan.akyol\AppData\Roaming\npm;C:\Users\fuatokan.akyol\AppData\Roaming\npm\node_modules\newman\bin;C:\Users\fuatokan.akyol\.dotnet\tools;;C:\Program Files\JetBrains\IntelliJ IDEA Community Edition 2024.1\bin;;."/>
    <property name="java.vm.info" value="mixed mode, sharing"/>
    <property name="stderr.encoding" value="Cp1254"/>
    <property name="java.vendor" value="Oracle Corporation"/>
    <property name="java.vm.version" value="21.0.3+7-LTS-152"/>
    <property name="sun.io.unicode.encoding" value="UnicodeLittle"/>
    <property name="java.class.version" value="65.0"/>
  </properties>
  <testcase name="runScenario[&quot;HomePage is visible&quot;, &quot;HomePage&quot;](1)" classname="testRunner.runner" time="7.681">
    <system-out><![CDATA[
Scenario: HomePage is visible &amp#27;[90m# src/test/java/features/HomePage.feature:2&amp#27;[0m
  &amp#27;[32mWhen &amp#27;[0m&amp#27;[32mClick Logo&amp#27;[0m             &amp#27;[90m# stepDefinitions.HomePageSteps.clickLogo()&amp#27;[0m
  &amp#27;[32mThen &amp#27;[0m&amp#27;[32mcheck logo&amp#27;[0m             &amp#27;[90m# stepDefinitions.HomePageSteps.checkLogo()&amp#27;[0m
]]></system-out>
    <system-err><![CDATA[SLF4J: Failed to load class "org.slf4j.impl.StaticLoggerBinder".
SLF4J: Defaulting to no-operation (NOP) logger implementation
SLF4J: See http://www.slf4j.org/codes.html#StaticLoggerBinder for further details.
]]></system-err>
  </testcase>
  <testcase name="runScenario[&quot;Login with valid user&quot;, &quot;Login Wikipedia&quot;](2)" classname="testRunner.runner" time="15.189">
    <system-out><![CDATA[
Scenario: Login with valid user             &amp#27;[90m# src/test/java/features/Login.feature:3&amp#27;[0m
  &amp#27;[32mWhen &amp#27;[0m&amp#27;[32mCheck Login Button&amp#27;[0m                   &amp#27;[90m# stepDefinitions.LoginPageSteps.check_login_button()&amp#27;[0m
  &amp#27;[32mWhen &amp#27;[0m&amp#27;[32mClick Login Button&amp#27;[0m                   &amp#27;[90m# stepDefinitions.LoginPageSteps.click_login_button()&amp#27;[0m
  &amp#27;[32mWhen &amp#27;[0m&amp#27;[32mWrite Valid UserName &amp#27;[0m&amp#27;[32m&amp#27;[1m"Fuatokanakyol"&amp#27;[0m &amp#27;[90m# stepDefinitions.LoginPageSteps.writeValidUserName(java.lang.String)&amp#27;[0m
  &amp#27;[32mWhen &amp#27;[0m&amp#27;[32mWrite ValidPassword &amp#27;[0m&amp#27;[32m&amp#27;[1m"Fuat.1234"&amp#27;[0m      &amp#27;[90m# stepDefinitions.LoginPageSteps.writeValidPassword(java.lang.String)&amp#27;[0m
  &amp#27;[32mWhen &amp#27;[0m&amp#27;[32mClick Login&amp#27;[0m                          &amp#27;[90m# stepDefinitions.LoginPageSteps.click_login()&amp#27;[0m
  &amp#27;[32mThen &amp#27;[0m&amp#27;[32mcheck LoginPage&amp#27;[0m                      &amp#27;[90m# stepDefinitions.LoginPageSteps.check_login_page()&amp#27;[0m
]]></system-out>
  </testcase>
  <testcase name="runScenario[&quot;Login with invalid userName&quot;, &quot;Login Wikipedia&quot;](3)" classname="testRunner.runner" time="7.01">
    <system-out><![CDATA[
Scenario: Login with invalid userName  &amp#27;[90m# src/test/java/features/Login.feature:12&amp#27;[0m
  &amp#27;[32mWhen &amp#27;[0m&amp#27;[32mCheck Login Button&amp#27;[0m              &amp#27;[90m# stepDefinitions.LoginPageSteps.check_login_button()&amp#27;[0m
  &amp#27;[32mWhen &amp#27;[0m&amp#27;[32mClick Login Button&amp#27;[0m              &amp#27;[90m# stepDefinitions.LoginPageSteps.click_login_button()&amp#27;[0m
  &amp#27;[32mWhen &amp#27;[0m&amp#27;[32mWrite Invalid UserName &amp#27;[0m&amp#27;[32m&amp#27;[1m"AAAAAA"&amp#27;[0m &amp#27;[90m# stepDefinitions.LoginPageSteps.writeInvalidUserName(java.lang.String)&amp#27;[0m
  &amp#27;[32mWhen &amp#27;[0m&amp#27;[32mWrite ValidPassword &amp#27;[0m&amp#27;[32m&amp#27;[1m"Fuat.1234"&amp#27;[0m &amp#27;[90m# stepDefinitions.LoginPageSteps.writeValidPassword(java.lang.String)&amp#27;[0m
  &amp#27;[32mWhen &amp#27;[0m&amp#27;[32mClick Login&amp#27;[0m                     &amp#27;[90m# stepDefinitions.LoginPageSteps.click_login()&amp#27;[0m
  &amp#27;[32mThen &amp#27;[0m&amp#27;[32mcheck Error Message&amp#27;[0m             &amp#27;[90m# stepDefinitions.LoginPageSteps.checkErrorMessage()&amp#27;[0m
]]></system-out>
  </testcase>
  <testcase name="runScenario[&quot;Login with invalid Password&quot;, &quot;Login Wikipedia&quot;](4)" classname="testRunner.runner" time="7.086">
    <system-out><![CDATA[
Scenario: Login with invalid Password       &amp#27;[90m# src/test/java/features/Login.feature:20&amp#27;[0m
  &amp#27;[32mWhen &amp#27;[0m&amp#27;[32mCheck Login Button&amp#27;[0m                   &amp#27;[90m# stepDefinitions.LoginPageSteps.check_login_button()&amp#27;[0m
  &amp#27;[32mWhen &amp#27;[0m&amp#27;[32mClick Login Button&amp#27;[0m                   &amp#27;[90m# stepDefinitions.LoginPageSteps.click_login_button()&amp#27;[0m
  &amp#27;[32mWhen &amp#27;[0m&amp#27;[32mWrite Valid UserName &amp#27;[0m&amp#27;[32m&amp#27;[1m"Fuatokanakyol"&amp#27;[0m &amp#27;[90m# stepDefinitions.LoginPageSteps.writeValidUserName(java.lang.String)&amp#27;[0m
  &amp#27;[32mWhen &amp#27;[0m&amp#27;[32mWrite InValidPassword &amp#27;[0m&amp#27;[32m&amp#27;[1m"123213131"&amp#27;[0m    &amp#27;[90m# stepDefinitions.LoginPageSteps.writeInPassword(java.lang.String)&amp#27;[0m
  &amp#27;[32mWhen &amp#27;[0m&amp#27;[32mClick Login&amp#27;[0m                          &amp#27;[90m# stepDefinitions.LoginPageSteps.click_login()&amp#27;[0m
  &amp#27;[32mThen &amp#27;[0m&amp#27;[32mcheck Error Message&amp#27;[0m                  &amp#27;[90m# stepDefinitions.LoginPageSteps.checkErrorMessage()&amp#27;[0m
]]></system-out>
  </testcase>
  <testcase name="runScenario[&quot;Login with invalid Password and invalid userName&quot;, &quot;Login Wikipedia&quot;](5)" classname="testRunner.runner" time="7.214">
    <system-out><![CDATA[
Scenario: Login with invalid Password and invalid userName &amp#27;[90m# src/test/java/features/Login.feature:29&amp#27;[0m
  &amp#27;[32mWhen &amp#27;[0m&amp#27;[32mCheck Login Button&amp#27;[0m                                  &amp#27;[90m# stepDefinitions.LoginPageSteps.check_login_button()&amp#27;[0m
  &amp#27;[32mWhen &amp#27;[0m&amp#27;[32mClick Login Button&amp#27;[0m                                  &amp#27;[90m# stepDefinitions.LoginPageSteps.click_login_button()&amp#27;[0m
  &amp#27;[32mWhen &amp#27;[0m&amp#27;[32mWrite Invalid UserName &amp#27;[0m&amp#27;[32m&amp#27;[1m"BBBBBB"&amp#27;[0m                     &amp#27;[90m# stepDefinitions.LoginPageSteps.writeInvalidUserName(java.lang.String)&amp#27;[0m
  &amp#27;[32mWhen &amp#27;[0m&amp#27;[32mWrite InValidPassword &amp#27;[0m&amp#27;[32m&amp#27;[1m"F1232131"&amp#27;[0m                    &amp#27;[90m# stepDefinitions.LoginPageSteps.writeInPassword(java.lang.String)&amp#27;[0m
  &amp#27;[32mWhen &amp#27;[0m&amp#27;[32mClick Login&amp#27;[0m                                         &amp#27;[90m# stepDefinitions.LoginPageSteps.click_login()&amp#27;[0m
  &amp#27;[32mThen &amp#27;[0m&amp#27;[32mcheck Error Message&amp#27;[0m                                 &amp#27;[90m# stepDefinitions.LoginPageSteps.checkErrorMessage()&amp#27;[0m
]]></system-out>
  </testcase>
  <testcase name="runScenario[&quot;Search some value&quot;, &quot;Search Item&quot;](6)" classname="testRunner.runner" time="6.397">
    <system-out><![CDATA[
@debug
Scenario: Search some value            &amp#27;[90m# src/test/java/features/Search.feature:4&amp#27;[0m
  &amp#27;[32mWhen &amp#27;[0m&amp#27;[32mWrite &amp#27;[0m&amp#27;[32m&amp#27;[1m"sofware"&amp#27;[0m&amp#27;[32m to search input&amp#27;[0m &amp#27;[90m# stepDefinitions.ResultPageSteps.writeToSearchInput(java.lang.String)&amp#27;[0m
  &amp#27;[32mWhen &amp#27;[0m&amp#27;[32mClick  search Button&amp#27;[0m            &amp#27;[90m# stepDefinitions.ResultPageSteps.click_search_button()&amp#27;[0m
  &amp#27;[32mThen &amp#27;[0m&amp#27;[32mCheck &amp#27;[0m&amp#27;[32m&amp#27;[1m"Search results"&amp#27;[0m&amp#27;[32m text&amp#27;[0m     &amp#27;[90m# stepDefinitions.ResultPageSteps.checkText(java.lang.String)&amp#27;[0m
]]></system-out>
  </testcase>
</testsuite>