<?xml version="1.0" encoding="UTF-8"?>
<!-- Generated by org.testng.reporters.JUnitReportReporter -->
<testsuite hostname="N100051" failures="0" tests="6" name="testRunner.runner" time="50.612" errors="0" timestamp="2024-04-23T14:21:05 TRT" skipped="0">
  <testcase classname="testRunner.runner" name="runScenario" time="7.008"/>
  <system-out/>
  <testcase classname="testRunner.runner" name="runScenario" time="7.085"/>
  <system-out/>
  <testcase classname="testRunner.runner" name="runScenario" time="7.213"/>
  <system-out/>
  <testcase classname="testRunner.runner" name="runScenario" time="7.677"/>
  <system-out/>
  <testcase classname="testRunner.runner" name="runScenario" time="6.398"/>
  <system-out/>
  <testcase classname="testRunner.runner" name="runScenario" time="15.231"/>
  <system-out/>
</testsuite> <!-- testRunner.runner -->
